make.exe all --print-data-base --no-builtin-variables --no-builtin-rules --question
# GNU Make 4.2.1
# Built for Windows32
# Copyright (C) 1988-2016 Free Software Foundation, Inc.
# License GPLv3+: GNU GPL version 3 or later <http://gnu.org/licenses/gpl.html>
# This is free software: you are free to change and redistribute it.
# There is NO WARRANTY, to the extent permitted by law.

# Make data base, printed on Wed Sep 08 13:39:37 2021

# Variables

# makefile (from 'makefile', line 27)
PROJECT_OUTPUT = $(BUILD)/$(PROJECT_NAME).out
# 'override' directive
GNUMAKEFLAGS := 
# automatic
<D = $(patsubst %/,%,$(patsubst %\,%,$(dir $<)))
# automatic
?F = $(notdir $?)
# default
.SHELLFLAGS := -c
# makefile (from 'makefile', line 8)
SRC = project_main.c src/airline_reservation.c
# makefile
MAKEFLAGS = pqrR
# environment
VSCODE_LOG_NATIVE = false
# automatic
?D = $(patsubst %/,%,$(patsubst %\,%,$(dir $?)))
# automatic
@D = $(patsubst %/,%,$(patsubst %\,%,$(dir $@)))
# environment
HOMEDRIVE = C:
# automatic
@F = $(notdir $@)
# automatic
^D = $(patsubst %/,%,$(patsubst %\,%,$(dir $^)))
# makefile
CURDIR := c:/Users/Annapurna/Desktop/3_Implementation
# default
SHELL := sh.exe
# environment
WINDIR = C:\WINDOWS
# environment
VSCODE_NLS_CONFIG = {"locale":"en-us","availableLanguages":{},"_languagePackSupport":true}
# environment
VBOX_MSI_INSTALL_PATH = C:\Program Files\Oracle\VirtualBox\
# environment
ONEDRIVE = C:\Users\Annapurna\OneDrive
# environment
PATHEXT = .COM;.EXE;.BAT;.CMD;.VBS;.VBE;.JS;.JSE;.WSF;.WSH;.MSC;.PY;.PYW
# makefile (from 'makefile', line 1)
MAKEFILE_LIST :=  makefile
# environment
TMP = C:\Users\ANNAPU~1\AppData\Local\Temp
# environment
VSCODE_VERBOSE_LOGGING = true
# environment
PROGRAMW6432 = C:\Program Files
# environment
PROGRAMDATA = C:\ProgramData
# environment
VSCODE_IPC_HOOK_EXTHOST = \\.\pipe\vscode-ipc-affc4a5b-360e-4168-b0a4-8f1f792b0883-sock
# environment
VSCODE_CWD = C:\ 
Users\Annapurna\AppData\Local\Programs\Microsoft VS Code
# makefile (from 'makefile', line 12)
TEST_SRC = src/airline_reservation.c test/test_project_main.c unity/unity.c 
# default
MAKE_HOST := Windows32
# environment
PATH = C:\Program Files\Common Files\Oracle\Java\javapath;C:\Program Files (x86)\VMware\VMware Workstation\bin\;C:\Users\Annapurna\Desktop\Anaconda;C:\Users\Annapurna\Desktop\Anaconda\Library\mingw-w64\bin;C:\Users\Annapurna\Desktop\Anaconda\Library\usr\bin;C:\Users\Annapurna\Desktop\Anaconda\Library\bin;C:\Users\Annapurna\Desktop\Anaconda\Scripts;C:\College softwares\Scripts\;C:\College softwares\;C:\Program Files (x86)\Intel\Intel(R) Management Engine Components\iCLS\;C:\Program Files\Intel\Intel(R) Management Engine Components\iCLS\;C:\WINDOWS\system32;C:\WINDOWS;C:\WINDOWS\System32\Wbem;C:\WINDOWS\System32\WindowsPowerShell\v1.0\;C:\Program Files (x86)\Intel\Intel(R) Management Engine Components\DAL;C:\Program Files\Intel\Intel(R) Management Engine Components\DAL;C:\Program Files (x86)\Intel\Intel(R) Management Engine Components\IPT;C:\Program Files\Intel\Intel(R) Management Engine Components\IPT;C:\WINDOWS\System32\OpenSSH\;C:\Program Files\Java\jdk-15.0.1\bin;C:\Program Files\dotnet\;C:\Program Files\nodejs\;C:\Program Files\Git\cmd;C;C:\Users\Annapurna\AppData\Local\Microsoft\WindowsApps;C:\Users\Annapurna\.dotnet\tools;C:\Users\Annapurna\AppData\Local\Programs\Microsoft VS Code\bin;C:\Users\Annapurna\AppData\Roaming\npm;C:\Program Files\Git\mingw64\bin;C:\MinGW\bin;
# makefile (from 'makefile', line 16)
TEST_OUTPUT = $(BUILD)/Test_$(PROJECT_NAME).out
# environment
COMMONPROGRAMW6432 = C:\Program Files\Common Files
# environment
PROCESSOR_ARCHITECTURE = AMD64
# environment
USERPROFILE = C:\Users\Annapurna
# makefile (from 'makefile', line 30)
DOCUMENTATION_OUTPUT = documentation/html
# environment
ALLUSERSPROFILE = C:\ProgramData
# makefile (from 'makefile', line 24)
INCLUDE_LIBS = -lcunit
# environment
VSCODE_LOG_STACK = false
# environment
NUMBER_OF_PROCESSORS = 8
# environment
ELECTRON_RUN_AS_NODE = 1
# default
.FEATURES := target-specific order-only second-expansion else-if shortest-stem undefine oneshell archives jobserver output-sync load
# automatic
%F = $(notdir $%)
# environment
CHROME_CRASHPAD_PIPE_NAME = \\.\pipe\crashpad_21632_YHNOGERLNJCVAMEZ
# environment
VSCODE_PIPE_LOGGING = true
# environment
COMPUTERNAME = ANNAPURNA
# environment
PROGRAMFILES = C:\Program Files
# default
.LOADED := 
# environment
DRIVERDATA = C:\Windows\System32\Drivers\DriverData
# environment
ORIGINAL_XDG_CURRENT_DESKTOP = undefined
# environment
USERNAME = girias
# environment
PUBLIC = C:\Users\Public
# environment
VSCODE_AMD_ENTRYPOINT = vs/workbench/services/extensions/node/extensionHostProcess
# environment
VSCODE_CODE_CACHE_PATH = C:\Users\Annapurna\AppData\Roaming\Code\CachedData\e7d7e9a9348e6a8cc8c03f877d39cb72e5dfb1ff
# environment
APPLICATION_INSIGHTS_NO_DIAGNOSTIC_CHANNEL = true
# environment
COMMONPROGRAMFILES = C:\Program Files\Common Files
# environment
LOGONSERVER = \\ANNAPURNA
# environment
ONEDRIVECONSUMER = C:\Users\Annapurna\OneDrive
# environment
VSCODE_HANDLES_UNCAUGHT_ERRORS = true
# environment
USERDOMAIN = ANNAPURNA
# environment
MAKELEVEL := 0
# default
MAKE = $(MAKE_COMMAND)
# default
MAKECMDGOALS := all
# default
MAKE_VERSION := 4.2.1
# makefile
.DEFAULT_GOAL := Airline_Reservation
# environment
PROGRAMFILES(X86) = C:\Program Files (x86)
# automatic
%D = $(patsubst %/,%,$(patsubst %\,%,$(dir $%)))
# environment
LOCALAPPDATA = C:\Users\Annapurna\AppData\Local
# environment
PSMODULEPATH = C:\Program Files\WindowsPowerShell\Modules;C:\WINDOWS\system32\WindowsPowerShell\v1.0\Modules
# default
MAKE_COMMAND := make.exe
# makefile (from 'makefile', line 19)
INC = -Iinc -Iunity 
# default
.VARIABLES := 
# automatic
*F = $(notdir $*)
# environment
PROCESSOR_IDENTIFIER = Intel64 Family 6 Model 142 Stepping 10, GenuineIntel
# environment
OS = Windows_NT
# environment
VSCODE_IPC_HOOK = \\.\pipe\e9d54007f5b7290a54c92dd75349c6be-1.60.0-main-sock
# environment
HOMEPATH = \Users\Annapurna
# environment
COMMONPROGRAMFILES(X86) = C:\Program Files (x86)\Common Files
# environment
PROMPT = $P$G
# environment
MFLAGS = -pqrR
# automatic
*D = $(patsubst %/,%,$(patsubst %\,%,$(dir $*)))
# environment
SYSTEMROOT = C:\WINDOWS
# automatic
+D = $(patsubst %/,%,$(patsubst %\,%,$(dir $+)))
# automatic
+F = $(notdir $+)
# environment
APPDATA = C:\Users\Annapurna\AppData\Roaming
# environment
TEMP = C:\Users\ANNAPU~1\AppData\Local\Temp
# environment
COMSPEC = C:\WINDOWS\system32\cmd.exe
# default
MAKEFILES := 
# makefile (from 'makefile', line 5)
BUILD = build
# automatic
<F = $(notdir $<)
# makefile (from 'makefile', line 2)
PROJECT_NAME = Airline_Reservation
# environment
LC_ALL = C
# automatic
^F = $(notdir $^)
# default
SUFFIXES := 
# environment
SYSTEMDRIVE = C:
# environment
SESSIONNAME = Console
# environment
PROCESSOR_REVISION = 8e0a
# default
.INCLUDE_DIRS = .
# default
.RECIPEPREFIX := 
# environment
LANG = C
# environment
PROCESSOR_LEVEL = 6
# environment
VSCODE_PID = 21632
# environment
USERDOMAIN_ROAMINGPROFILE = ANNAPURNA
# variable set hash-table stats:
# Load=102/1024=10%, Rehash=0, Collisions=15/139=11%

# Pattern-specific Variable Values

# No pattern-specific variable values.

# Directories

# . (key c:/Users/Annapurna/Desktop/3_Implementation, mtime 1631081040): 12 files, no impossibilities.

# 12 files, no impossibilities in 1 directories.

# Implicit Rules

# No implicit rules.

# Files

staticcheck:
#  Implicit rule search has not been done.
#  Modification time never checked.
#  File has not been updated.
#  recipe to execute (from 'makefile', line 57):
	cppcheck --enable=all -iunity .

Airline_Reservation: all
#  Implicit rule search has not been done.
#  Modification time never checked.
#  File has not been updated.

all: project_main.c src/airline_reservation.c build
#  Phony target (prerequisite of .PHONY).
#  Command line target.
#  Implicit rule search has not been done.
#  Implicit/static pattern stem: ''
#  File does not exist.
#  File has been updated.
#  Needs to be updated (-q is set).
# automatic
# @ := all
# automatic
# % := 
# automatic
# * := 
# automatic
# + := project_main.c src/airline_reservation.c build
# automatic
# | := 
# automatic
# < := project_main.c
# automatic
# ^ := project_main.c src/airline_reservation.c build
# automatic
# ? := project_main.c src/airline_reservation.c build
# variable set hash-table stats:
# Load=8/32=25%, Rehash=0, Collisions=5/16=31%
#  recipe to execute (from 'makefile', line 39):
	gcc $(SRC) $(INC) -o $(PROJECT_OUTPUT).out

analyze: test memcheck staticcheck coverage sanitize_check
#  Implicit rule search has not been done.
#  Modification time never checked.
#  File has not been updated.

.PHONY: run clean test doc all
#  Implicit rule search has not been done.
#  Modification time never checked.
#  File has not been updated.

memcheck:
#  Implicit rule search has not been done.
#  Modification time never checked.
#  File has not been updated.
#  recipe to execute (from 'makefile', line 60):
	valgrind ./$(TEST_OUTPUT)

# Not a target:
unity/unity.c:
#  Implicit rule search has not been done.
#  Modification time never checked.
#  File has not been updated.

# Not a target:
project_main.c:
#  Implicit rule search has been done.
#  Last modified 2021-09-08 13:39:26
#  File has been updated.
#  Successfully updated.

# Not a target:
.SUFFIXES:
#  Implicit rule search has not been done.
#  Modification time never checked.
#  File has not been updated.

sanitize_check:
#  Implicit rule search has not been done.
#  Modification time never checked.
#  File has not been updated.
#  recipe to execute (from 'makefile', line 63):
	gcc -fsanitize=address -fno-omit-frame-pointer $(TEST_SRC) $(INC) -o $(TEST_OUTPUT) $(INCLUDE_LIBS)
	./$(TEST_OUTPUT)

test: build
#  Phony target (prerequisite of .PHONY).
#  Implicit rule search has not been done.
#  File does not exist.
#  File has not been updated.
#  recipe to execute (from 'makefile', line 51):
	gcc $(TEST_SRC) $(INC) -o $(TEST_OUTPUT) $(INCLUDE_LIBS)
	./$(TEST_OUTPUT)

# Not a target:
makefile:
#  Implicit rule search has been done.
#  Last modified 2021-09-08 13:38:49
#  File has been updated.
#  Successfully updated.

build:
#  Implicit rule search has not been done.
#  Last modified 2021-09-07 20:47:05
#  File has been updated.
#  Successfully updated.
#  recipe to execute (from 'makefile', line 77):
	mkdir build

# Not a target:
test/test_project_main.c:
#  Implicit rule search has not been done.
#  Modification time never checked.
#  File has not been updated.

# Not a target:
.DEFAULT:
#  Implicit rule search has not been done.
#  Modification time never checked.
#  File has not been updated.

run: Airline_Reservation
#  Phony target (prerequisite of .PHONY).
#  Implicit rule search has not been done.
#  File does not exist.
#  File has not been updated.
#  recipe to execute (from 'makefile', line 43):
	./$(PROJECT_OUTPUT).out

clean:
#  Phony target (prerequisite of .PHONY).
#  Implicit rule search has not been done.
#  File does not exist.
#  File has not been updated.
#  recipe to execute (from 'makefile', line 73):
	rm -rf $(BUILD) $(DOCUMENTATION_OUTPUT) *.gcda *.gcno *.gcov

coverage: src/airline_reservation.c test/test_project_main.c unity/unity.c
#  Implicit rule search has not been done.
#  Modification time never checked.
#  File has not been updated.
#  recipe to execute (from 'makefile', line 67):
	gcc -fprofile-arcs -ftest-coverage $(TEST_SRC) $(INC) -o $(TEST_OUTPUT) $(INCLUDE_LIBS)
	./$(TEST_OUTPUT)
	gcov -a calculator_operations.c

# Not a target:
src/airline_reservation.c:
#  Implicit rule search has been done.
#  Last modified 2021-09-08 13:37:50
#  File has been updated.
#  Successfully updated.

doc:
#  Phony target (prerequisite of .PHONY).
#  Implicit rule search has not been done.
#  File does not exist.
#  File has not been updated.
#  recipe to execute (from 'makefile', line 47):
	make -C ./documentation

# files hash-table stats:
# Load=20/1024=2%, Rehash=0, Collisions=0/60=0%
# VPATH Search Paths

# No 'vpath' search paths.

# No general ('VPATH' variable) search path.

# strcache buffers: 1 (0) / strings = 28 / storage = 255 B / avg = 9 B
# current buf: size = 8162 B / used = 255 B / count = 28 / avg = 9 B

# strcache performance: lookups = 65 / hit rate = 56%
# hash-table stats:
# Load=28/8192=0%, Rehash=0, Collisions=1/65=2%
# Finished Make data base on Wed Sep 08 13:39:37 2021

 
